[2022-07-07 18:17:44] [ ERROR] [GlobalExceptionHandler:19] Failed to convert value of type 'java.lang.String' to required type 'java.lang.Long'; nested exception is java.lang.NumberFormatException: For input string: "h"
[2022-07-07 19:20:17] [ ERROR] [GlobalExceptionHandler:19] Failed to convert value of type 'java.lang.String' to required type 'java.lang.Long'; nested exception is java.lang.NumberFormatException: For input string: "list"
[2022-07-07 19:20:27] [ ERROR] [GlobalExceptionHandler:19] Failed to convert value of type 'java.lang.String' to required type 'java.lang.Long'; nested exception is java.lang.NumberFormatException: For input string: "list"
[2022-07-07 19:20:50] [ ERROR] [GlobalExceptionHandler:19] Failed to convert value of type 'java.lang.String' to required type 'java.lang.Long'; nested exception is java.lang.NumberFormatException: For input string: "list"
[2022-07-10 15:47:31] [ ERROR] [GlobalExceptionHandler:19] Request method 'PUT' not supported
[2022-07-10 15:48:09] [ ERROR] [GlobalExceptionHandler:19] Request method 'PUT' not supported
[2022-07-10 15:48:15] [ ERROR] [GlobalExceptionHandler:19] JSON parse error: Unexpected character ('}' (code 125)): was expecting double-quote to start field name; nested exception is com.fasterxml.jackson.core.JsonParseException: Unexpected character ('}' (code 125)): was expecting double-quote to start field name
 at [Source: (org.springframework.util.StreamUtils$NonClosingInputStream); line: 5, column: 2]
[2022-07-10 15:55:06] [ ERROR] [GlobalExceptionHandler:19] Content type 'text/plain;charset=UTF-8' not supported
[2022-07-10 15:55:18] [ ERROR] [GlobalExceptionHandler:19] Content type 'text/plain;charset=UTF-8' not supported
[2022-07-10 15:55:50] [ ERROR] [GlobalExceptionHandler:19] Content type 'text/plain;charset=UTF-8' not supported
[2022-07-10 15:56:34] [ ERROR] [GlobalExceptionHandler:19] Content type 'text/plain;charset=UTF-8' not supported
[2022-07-10 15:56:48] [ ERROR] [GlobalExceptionHandler:19] Content type 'text/plain;charset=UTF-8' not supported
[2022-07-10 18:42:57] [ ERROR] [GlobalExceptionHandler:19] Request method 'PUT' not supported
[2022-07-10 19:56:35] [ ERROR] [GlobalExceptionHandler:19] could not execute statement; SQL [n/a]; constraint ["FK4OKCQR9IQT2IW6XHY1PPSMO3L: PUBLIC.TURNOS FOREIGN KEY(PACIENTE_ID) REFERENCES PUBLIC.PACIENTES(ID) (CAST(3 AS BIGINT))"; SQL statement:
delete from pacientes where id=? [23503-214]]; nested exception is org.hibernate.exception.ConstraintViolationException: could not execute statement
[2022-07-10 20:38:00] [ ERROR] [GlobalExceptionHandler:19] could not execute statement; SQL [n/a]; constraint [FKQTJ6T7MULC2JMFKV92X4CTKWH]; nested exception is org.hibernate.exception.ConstraintViolationException: could not execute statement
[2022-07-10 20:38:02] [ ERROR] [GlobalExceptionHandler:19] could not execute statement; SQL [n/a]; constraint [FKQTJ6T7MULC2JMFKV92X4CTKWH]; nested exception is org.hibernate.exception.ConstraintViolationException: could not execute statement
[2022-07-10 21:05:46] [ ERROR] [GlobalExceptionHandler:19] Request method 'PUT' not supported
[2022-07-10 21:06:17] [ ERROR] [GlobalExceptionHandler:19] Request method 'PUT' not supported
[2022-07-10 21:06:37] [ ERROR] [GlobalExceptionHandler:19] not-null property references a null or transient value : com.zanelli.TrabajoIntegrador.models.Turno.odontologo; nested exception is org.hibernate.PropertyValueException: not-null property references a null or transient value : com.zanelli.TrabajoIntegrador.models.Turno.odontologo
[2022-07-10 21:11:34] [ ERROR] [GlobalExceptionHandler:19] not-null property references a null or transient value : com.zanelli.TrabajoIntegrador.models.Turno.odontologo; nested exception is org.hibernate.PropertyValueException: not-null property references a null or transient value : com.zanelli.TrabajoIntegrador.models.Turno.odontologo
[2022-07-10 21:12:32] [ ERROR] [GlobalExceptionHandler:19] Unable to find com.zanelli.TrabajoIntegrador.models.Odontologo with id 3; nested exception is javax.persistence.EntityNotFoundException: Unable to find com.zanelli.TrabajoIntegrador.models.Odontologo with id 3
